Arguments: 
  /usr/local/bin/node /Users/jakubjuszko/.yarn/bin/yarn.js install

PATH: 
  /Users/jakubjuszko/.yarn/bin:/Users/jakubjuszko/.config/yarn/global/node_modules/.bin:/Library/Frameworks/Python.framework/Versions/3.6/bin:/Library/Frameworks/Python.framework/Versions/3.7/bin:/usr/local/bin:/usr/bin:/bin:/usr/sbin:/sbin:/Library/TeX/texbin:/opt/X11/bin

Yarn version: 
  1.14.0

Node version: 
  14.15.4

Platform: 
  darwin x64

Trace: 
  Error: EACCES: permission denied, rmdir '/Users/jakubjuszko/Documents/projects/blackhax/node_modules/.cache/babel-loader'

npm manifest: 
  {
    "name": "black-dashboard-react",
    "version": "1.1.0",
    "private": true,
    "homepage": "https://hb.jakjus.com",
    "dependencies": {
      "@stripe/stripe-js": "^1.11.0",
      "@types/react": "16.9.23",
      "chart.js": "2.9.3",
      "classnames": "2.2.6",
      "history": "4.10.1",
      "node-sass": "4.13.1",
      "perfect-scrollbar": "1.5.0",
      "prop-types": "15.7.2",
      "react": "16.13.0",
      "react-chartjs-2": "2.9.0",
      "react-dom": "16.13.0",
      "react-google-maps": "9.4.5",
      "react-notification-alert": "0.0.12",
      "react-router-dom": "5.1.2",
      "react-scripts": "3.4.0",
      "reactstrap": "8.4.1"
    },
    "devDependencies": {
      "gh-pages": "^3.1.0",
      "gulp": "4.0.2",
      "gulp-append-prepend": "1.0.8"
    },
    "scripts": {
      "start": "react-scripts start",
      "build": "react-scripts build",
      "test": "react-scripts test --env=jsdom",
      "eject": "react-scripts eject",
      "install:clean": "rm -rf node_modules/ && rm -rf package-lock.json && npm install && npm start",
      "compile-scss": "node-sass src/assets/scss/black-dashboard-react.scss src/assets/css/black-dashboard-react.css",
      "minify-sass": "node-sass src/assets/scss/black-dashboard-react.scss src/assets/css/black-dashboard-react.min.css --output-style compressed",
      "map-sass": "node-sass src/assets/scss/black-dashboard-react.scss src/assets/css/black-dashboard-react.css --source-map true",
      "predeploy": "npm run build",
      "deploy": "gh-pages -d build"
    },
    "eslintConfig": {
      "extends": "react-app"
    },
    "browserslist": [
      ">0.2%",
      "not dead",
      "not ie <= 11",
      "not op_mini all"
    ],
    "optionalDependencies": {
      "@types/googlemaps": "3.39.3",
      "@types/markerclustererplus": "2.1.33",
      "eslint-plugin-flowtype": "3.13.0",
      "typescript": "3.8.3"
    }
  }

yarn manifest: 
  No manifest

Lockfile: 
  No lockfile
